{
  "RSpec": {
    "coverage": {
      "/home/sachin/calculator/spec/models/calculation_spec.rb": [
        1,
        null,
        1,
        1,
        1,
        1,
        1,
        1,
        null,
        null
      ],
      "/home/sachin/calculator/spec/rails_helper.rb": [
        null,
        1,
        1,
        null,
        1,
        1,
        1,
        null,
        null,
        null,
        null,
        null,
        null,
        null,
        null,
        null,
        null,
        null,
        null,
        null,
        null,
        null,
        null,
        null,
        null,
        null,
        1,
        null,
        1,
        null,
        1,
        null,
        null,
        null,
        null,
        1,
        null,
        null,
        null,
        null,
        null,
        null,
        null,
        null,
        null,
        null,
        null,
        null,
        null,
        null,
        1,
        null,
        null,
        1,
        null,
        null,
        null
      ],
      "/home/sachin/calculator/config/environment.rb": [
        null,
        1,
        null,
        null,
        1
      ],
      "/home/sachin/calculator/config/application.rb": [
        1,
        null,
        1,
        null,
        null,
        null,
        1,
        null,
        1,
        1,
        null,
        null,
        null,
        null,
        null
      ],
      "/home/sachin/calculator/config/boot.rb": [
        1,
        null,
        1
      ],
      "/home/sachin/calculator/config/environments/test.rb": [
        1,
        null,
        null,
        null,
        null,
        null,
        null,
        1,
        null,
        null,
        null,
        null,
        1,
        null,
        null,
        1,
        1,
        null,
        null,
        null,
        null,
        1,
        1,
        null,
        null,
        1,
        null,
        null,
        1,
        1,
        null,
        null,
        null,
        null,
        1,
        null,
        null,
        1,
        null,
        null,
        null,
        null
      ],
      "/home/sachin/calculator/config/initializers/application_controller_renderer.rb": [
        null,
        null,
        null,
        null,
        null,
        null
      ],
      "/home/sachin/calculator/config/initializers/assets.rb": [
        null,
        null,
        null,
        1,
        null,
        null,
        null,
        null,
        null,
        null,
        null
      ],
      "/home/sachin/calculator/config/initializers/backtrace_silencers.rb": [
        null,
        null,
        null,
        null,
        null,
        null,
        null
      ],
      "/home/sachin/calculator/config/initializers/cookies_serializer.rb": [
        null,
        null,
        null,
        null,
        1
      ],
      "/home/sachin/calculator/config/initializers/filter_parameter_logging.rb": [
        null,
        null,
        null,
        1
      ],
      "/home/sachin/calculator/config/initializers/inflections.rb": [
        null,
        null,
        null,
        null,
        null,
        null,
        null,
        null,
        null,
        null,
        null,
        null,
        null,
        null,
        null,
        null
      ],
      "/home/sachin/calculator/config/initializers/mime_types.rb": [
        null,
        null,
        null,
        null
      ],
      "/home/sachin/calculator/config/initializers/new_framework_defaults.rb": [
        null,
        null,
        null,
        null,
        null,
        null,
        null,
        1,
        null,
        null,
        1,
        null,
        null,
        null,
        1,
        null,
        null,
        1,
        null,
        null,
        1,
        null,
        null,
        1
      ],
      "/home/sachin/calculator/config/initializers/session_store.rb": [
        null,
        null,
        1
      ],
      "/home/sachin/calculator/config/initializers/wrap_parameters.rb": [
        null,
        null,
        null,
        null,
        null,
        null,
        1,
        2,
        null,
        null,
        null,
        null,
        null,
        null
      ],
      "/home/sachin/calculator/config/routes.rb": [
        1,
        1,
        null,
        null
      ],
      "/home/sachin/calculator/app/helpers/application_helper.rb": [
        1,
        null
      ],
      "/home/sachin/calculator/app/helpers/calculations_helper.rb": [
        1,
        null
      ],
      "/home/sachin/calculator/app/models/calculation.rb": [
        1,
        1,
        3,
        3,
        3,
        3,
        39,
        21,
        null,
        null,
        3,
        51,
        21,
        null,
        30,
        3,
        3,
        3,
        3,
        3,
        3,
        3,
        18,
        3,
        3,
        3,
        3,
        3,
        3,
        3,
        15,
        5,
        5,
        5,
        5,
        5,
        5,
        5,
        10,
        1,
        1,
        1,
        1,
        1,
        1,
        1,
        null,
        18,
        null,
        null,
        null,
        null,
        3,
        3,
        3,
        3,
        null,
        0,
        null,
        3,
        null,
        null
      ],
      "/home/sachin/calculator/app/models/application_record.rb": [
        1,
        1,
        null
      ]
    },
    "timestamp": 1500663273
  }
}
